INFO:root:TICKER- Joke sent to Hayden at Sun Sep  7 16:08:57 2014
INFO:root:TICKER- Joke sent to John Sasser at Sun Sep  7 16:09:21 2014
INFO:root:TICKER- Joke sent to Hayden at Sun Sep  7 16:09:22 2014
INFO:root:TICKER- Joke sent to Gabby at Sun Sep  7 16:09:23 2014
INFO:root:TICKER- Joke sent to John Sasser at Sun Sep  7 16:09:29 2014
INFO:root:TICKER- Joke sent to Hayden at Sun Sep  7 16:09:32 2014
INFO:root:TICKER- Dog pic sent to John Sasser at Sun Sep  7 16:14:50 2014
INFO:root:TICKER- Joke sent to Hayden at Sun Sep  7 16:14:51 2014
INFO:root:TICKER- Horoscope sent to Gabby at Sun Sep  7 16:14:52 2014
INFO:root:TICKER - Ticker starting at Sun Sep  7 16:27:16 2014 
INFO:root:TICKER - Connecting to the contacts database...
INFO:root:TICKER - <sqlite3.Connection object at 0x10611ba28> made at Sun Sep  7 16:27:16 2014
INFO:root:TICKER - Ticker READY - Sun Sep  7 16:27:16 2014
INFO:root:TICKER- Horoscope sent to John Sasser at Sun Sep  7 16:27:16 2014
INFO:root:TICKER- Meme sent to Hayden at Sun Sep  7 16:27:17 2014
INFO:root:TICKER- Meme sent to Gabby at Sun Sep  7 16:27:18 2014
INFO:root:TICKER- Joke sent to John Sasser at Sun Sep  7 16:27:24 2014
INFO:root:TICKER- Meme sent to Hayden at Sun Sep  7 16:27:25 2014
INFO:root:TICKER- Meme sent to Gabby at Sun Sep  7 16:27:26 2014
INFO:root:TICKER- Dog pic sent to John Sasser at Sun Sep  7 16:27:32 2014
INFO:root:TICKER- Meme sent to Hayden at Sun Sep  7 16:27:33 2014
INFO:root:TICKER- Joke sent to Gabby at Sun Sep  7 16:27:34 2014
INFO:root:TICKER- Dog pic sent to John Sasser at Sun Sep  7 16:27:41 2014
INFO:root:TICKER- Meme sent to Hayden at Sun Sep  7 16:27:42 2014
INFO:root:TICKER- Dog pic sent to Gabby at Sun Sep  7 16:27:43 2014
INFO:root:TICKER- Meme sent to John Sasser at Sun Sep  7 16:27:49 2014
INFO:root:TICKER- Meme sent to Hayden at Sun Sep  7 16:27:50 2014
INFO:root:TICKER- Joke sent to Gabby at Sun Sep  7 16:27:51 2014
INFO:root:TICKER- Meme sent to John Sasser at Sun Sep  7 16:27:57 2014
INFO:root:TICKER- Joke sent to Hayden at Sun Sep  7 16:27:58 2014
INFO:root:TICKER- Dog pic sent to Gabby at Sun Sep  7 16:27:59 2014
INFO:root:TICKER- Meme sent to John Sasser at Sun Sep  7 16:28:06 2014
INFO:root:TICKER- Dog pic sent to Hayden at Sun Sep  7 16:28:07 2014
INFO:root:TICKER- Dog pic sent to Gabby at Sun Sep  7 16:28:08 2014
INFO:root:TICKER- Meme sent to John Sasser at Sun Sep  7 16:28:14 2014
INFO:root:TICKER- Joke sent to Hayden at Sun Sep  7 16:28:15 2014
INFO:root:TICKER- Meme sent to Gabby at Sun Sep  7 16:28:16 2014
INFO:root:TICKER- Meme sent to John Sasser at Sun Sep  7 16:28:22 2014
INFO:root:TICKER- Meme sent to John Sasser at Sun Sep  7 16:28:23 2014
INFO:root:TICKER- Joke sent to John Sasser at Sun Sep  7 16:28:24 2014
INFO:root:TICKER- Meme sent to John Sasser at Sun Sep  7 16:28:25 2014
INFO:root:TICKER- Dog pic sent to Hayden at Sun Sep  7 16:28:26 2014
INFO:root:TICKER- Dog pic sent to Gabby at Sun Sep  7 16:28:27 2014
INFO:root:TICKER- Meme sent to John Sasser at Sun Sep  7 16:28:38 2014
INFO:root:TICKER- Dog pic sent to Hayden at Sun Sep  7 16:28:39 2014
INFO:root:TICKER- Joke sent to Gabby at Sun Sep  7 16:28:40 2014
INFO:root:TICKER- Dog pic sent to John Sasser at Sun Sep  7 16:28:46 2014
INFO:root:TICKER- Joke sent to John Sasser at Sun Sep  7 16:28:47 2014
INFO:root:TICKER- Meme sent to Hayden at Sun Sep  7 16:28:48 2014
INFO:root:TICKER- Joke sent to Gabby at Sun Sep  7 16:28:49 2014
INFO:root:TICKER - Ticker starting at Sun Sep  7 16:30:20 2014 
INFO:root:TICKER - Connecting to the contacts database...
INFO:root:TICKER - <sqlite3.Connection object at 0x1077c1a28> made at Sun Sep  7 16:30:20 2014
INFO:root:TICKER - Ticker READY - Sun Sep  7 16:30:20 2014
INFO:root:TICKER- Meme sent to John Sasser at Sun Sep  7 16:30:20 2014
INFO:root:TICKER- Joke sent to Hayden at Sun Sep  7 16:30:21 2014
INFO:root:TICKER- Meme sent to Gabby at Sun Sep  7 16:30:22 2014
INFO:root:TICKER- Joke sent to John Sasser at Sun Sep  7 16:30:28 2014
INFO:root:TICKER- Joke sent to Hayden at Sun Sep  7 16:30:29 2014
INFO:root:TICKER- Meme sent to Gabby at Sun Sep  7 16:30:30 2014
INFO:root:TICKER- Horoscope sent to John Sasser at Sun Sep  7 16:30:36 2014
INFO:root:TICKER- Meme sent to John Sasser at Sun Sep  7 16:30:37 2014
INFO:root:TICKER- Joke sent to John Sasser at Sun Sep  7 16:30:38 2014
INFO:root:TICKER- Dog pic sent to Hayden at Sun Sep  7 16:30:39 2014
INFO:root:TICKER- Dog pic sent to John Sasser at Sun Sep  7 16:30:40 2014
INFO:root:TICKER- Meme sent to Hayden at Sun Sep  7 16:30:41 2014
INFO:root:TICKER- Dog pic sent to John Sasser at Sun Sep  7 16:30:42 2014
INFO:root:TICKER- Dog pic sent to Hayden at Sun Sep  7 16:30:43 2014
INFO:root:TICKER- Dog pic sent to Gabby at Sun Sep  7 16:30:44 2014
INFO:root:TICKER- Joke sent to John Sasser at Sun Sep  7 16:30:55 2014
INFO:root:TICKER- Dog pic sent to Hayden at Sun Sep  7 16:30:56 2014
INFO:root:TICKER- Joke sent to John Sasser at Sun Sep  7 16:30:57 2014
INFO:root:TICKER- Meme sent to Hayden at Sun Sep  7 16:30:58 2014
INFO:root:TICKER- Dog pic sent to Gabby at Sun Sep  7 16:30:59 2014
INFO:root:TICKER- Dog pic sent to John Sasser at Sun Sep  7 16:31:32 2014
INFO:root:TICKER- Joke sent to Hayden at Sun Sep  7 16:31:33 2014
INFO:root:TICKER- Joke sent to Gabby at Sun Sep  7 16:31:34 2014
INFO:root:TICKER- Joke sent to John Sasser at Sun Sep  7 16:32:05 2014
INFO:root:TICKER- Dog pic sent to Hayden at Sun Sep  7 16:32:06 2014
INFO:root:TICKER- Dog pic sent to John Sasser at Sun Sep  7 16:32:07 2014
INFO:root:TICKER- Dog pic sent to John Sasser at Sun Sep  7 16:32:08 2014
INFO:root:TICKER- Joke sent to John Sasser at Sun Sep  7 16:32:09 2014
INFO:root:TICKER- Meme sent to Hayden at Sun Sep  7 16:32:10 2014
INFO:root:TICKER- Meme sent to Gabby at Sun Sep  7 16:32:11 2014
INFO:root:TICKER- Joke sent to John Sasser at Sun Sep  7 16:32:45 2014
INFO:root:TICKER- Joke sent to Hayden at Sun Sep  7 16:32:46 2014
INFO:root:TICKER- Dog pic sent to Gabby at Sun Sep  7 16:32:47 2014
INFO:root:TICKER- Joke sent to John Sasser at Sun Sep  7 16:33:18 2014
INFO:root:TICKER- Meme sent to John Sasser at Sun Sep  7 16:33:19 2014
INFO:root:TICKER- Dog pic sent to John Sasser at Sun Sep  7 16:33:20 2014
INFO:root:TICKER- Dog pic sent to Hayden at Sun Sep  7 16:33:21 2014
INFO:root:TICKER- Joke sent to Gabby at Sun Sep  7 16:33:22 2014
INFO:root:TICKER- Dog pic sent to John Sasser at Sun Sep  7 16:33:55 2014
INFO:root:TICKER- Joke sent to Hayden at Sun Sep  7 16:33:56 2014
INFO:root:TICKER- Joke sent to Gabby at Sun Sep  7 16:33:57 2014
INFO:root:TICKER- Joke sent to John Sasser at Sun Sep  7 16:34:29 2014
INFO:root:TICKER- Dog pic sent to Hayden at Sun Sep  7 16:34:30 2014
INFO:root:TICKER- Dog pic sent to Gabby at Sun Sep  7 16:34:31 2014
INFO:root:TICKER- Meme sent to John Sasser at Sun Sep  7 16:35:03 2014
INFO:root:TICKER- Joke sent to Hayden at Sun Sep  7 16:35:04 2014
INFO:root:TICKER- Meme sent to John Sasser at Sun Sep  7 16:35:05 2014
INFO:root:TICKER- Meme sent to Hayden at Sun Sep  7 16:35:06 2014
INFO:root:TICKER- Meme sent to Gabby at Sun Sep  7 16:35:07 2014
INFO:root:TICKER- Dog pic sent to John Sasser at Sun Sep  7 16:35:39 2014
INFO:root:TICKER- Joke sent to Hayden at Sun Sep  7 16:35:40 2014
INFO:root:TICKER- Dog pic sent to Gabby at Sun Sep  7 16:35:41 2014
INFO:root:TICKER- Meme sent to John Sasser at Sun Sep  7 16:36:12 2014
INFO:root:TICKER- Joke sent to Hayden at Sun Sep  7 16:36:13 2014
INFO:root:TICKER- Dog pic sent to Gabby at Sun Sep  7 16:36:14 2014
INFO:root:TICKER- Meme sent to John Sasser at Sun Sep  7 16:36:46 2014
INFO:root:TICKER- Joke sent to Hayden at Sun Sep  7 16:36:47 2014
INFO:root:TICKER- Dog pic sent to Gabby at Sun Sep  7 16:36:48 2014
INFO:root:TICKER- Joke sent to John Sasser at Sun Sep  7 16:37:19 2014
INFO:root:TICKER- Joke sent to John Sasser at Sun Sep  7 16:37:20 2014
INFO:root:TICKER- Joke sent to John Sasser at Sun Sep  7 16:37:21 2014
INFO:root:TICKER- Dog pic sent to Hayden at Sun Sep  7 16:37:22 2014
INFO:root:TICKER- Joke sent to Gabby at Sun Sep  7 16:37:23 2014
INFO:root:TICKER- Dog pic sent to John Sasser at Sun Sep  7 16:37:56 2014
INFO:root:TICKER- Dog pic sent to John Sasser at Sun Sep  7 16:37:57 2014
INFO:root:TICKER- Dog pic sent to Hayden at Sun Sep  7 16:37:58 2014
INFO:root:TICKER- Joke sent to Gabby at Sun Sep  7 16:37:59 2014
INFO:root:TICKER- Dog pic sent to John Sasser at Sun Sep  7 16:38:31 2014
INFO:root:TICKER- Dog pic sent to Hayden at Sun Sep  7 16:38:32 2014
INFO:root:TICKER- Joke sent to Gabby at Sun Sep  7 16:38:33 2014
INFO:root:TICKER- Meme sent to John Sasser at Sun Sep  7 16:39:04 2014
INFO:root:TICKER- Meme sent to Hayden at Sun Sep  7 16:39:05 2014
INFO:root:TICKER- Dog pic sent to Gabby at Sun Sep  7 16:39:06 2014
INFO:root:TICKER- Joke sent to John Sasser at Sun Sep  7 16:39:37 2014
INFO:root:TICKER- Joke sent to Hayden at Sun Sep  7 16:39:38 2014
INFO:root:TICKER- Joke sent to John Sasser at Sun Sep  7 16:39:39 2014
INFO:root:TICKER- Dog pic sent to Hayden at Sun Sep  7 16:39:40 2014
INFO:root:TICKER- Meme sent to Gabby at Sun Sep  7 16:39:41 2014
INFO:root:TICKER- Dog pic sent to John Sasser at Sun Sep  7 16:40:14 2014
INFO:root:TICKER- Joke sent to Hayden at Sun Sep  7 16:40:15 2014
INFO:root:TICKER- Joke sent to Gabby at Sun Sep  7 16:40:16 2014
INFO:root:TICKER- Joke sent to John Sasser at Sun Sep  7 16:40:47 2014
INFO:root:TICKER- Joke sent to Hayden at Sun Sep  7 16:40:48 2014
INFO:root:TICKER- Meme sent to John Sasser at Sun Sep  7 16:40:49 2014
INFO:root:TICKER - Loading config file
INFO:root:TICKER - Connecting to the contacts database...
INFO:root:TICKER - <sqlite3.Connection object at 0x100c41940> made at Sun Sep  7 16:40:52 2014
INFO:root:TICKER - Ticker starting at Sun Sep  7 16:40:52 2014 at a &(intv)s sec interval
INFO:root:TICKER- Meme sent to John Sasser at Sun Sep  7 16:40:52 2014
INFO:root:TICKER- Dog pic sent to Hayden at Sun Sep  7 16:40:53 2014
INFO:root:TICKER- Joke sent to Gabby at Sun Sep  7 16:40:54 2014
INFO:root:TICKER- Joke sent to John Sasser at Sun Sep  7 16:41:25 2014
INFO:root:TICKER- Dog pic sent to Hayden at Sun Sep  7 16:41:26 2014
INFO:root:TICKER- Horoscope sent to Gabby at Sun Sep  7 16:41:27 2014
INFO:root:TICKER- Meme sent to John Sasser at Sun Sep  7 16:41:58 2014
INFO:root:TICKER- Meme sent to Hayden at Sun Sep  7 16:41:59 2014
INFO:root:TICKER- Meme sent to Gabby at Sun Sep  7 16:42:00 2014
INFO:root:TICKER- Meme sent to John Sasser at Sun Sep  7 16:42:31 2014
INFO:root:TICKER- Joke sent to Hayden at Sun Sep  7 16:42:33 2014
INFO:root:TICKER- Dog pic sent to Gabby at Sun Sep  7 16:42:34 2014
INFO:root:TICKER- Dog pic sent to John Sasser at Sun Sep  7 16:43:05 2014
INFO:root:TICKER- Meme sent to Hayden at Sun Sep  7 16:43:06 2014
INFO:root:TICKER- Joke sent to Gabby at Sun Sep  7 16:43:07 2014
INFO:root:TICKER- Joke sent to John Sasser at Sun Sep  7 16:43:38 2014
INFO:root:TICKER- Meme sent to John Sasser at Sun Sep  7 16:43:39 2014
INFO:root:TICKER- Meme sent to Hayden at Sun Sep  7 16:43:40 2014
INFO:root:TICKER- Meme sent to Gabby at Sun Sep  7 16:43:41 2014
INFO:root:TRANSMIT - Initializing data sources...
INFO:root:TRANSMIT - Data sources initialized at %(time)s
INFO:root:TRANSMIT - Initializing data sources...
INFO:root:TRANSMIT - Data sources initialized at %(time)s
INFO:root:TRANSMIT - Initializing data sources...
INFO:root:TRANSMIT - Data sources initialized at %(time)s
INFO:root:TRANSMIT - Initializing data sources...
INFO:root:TICKER - Loading config file
INFO:root:TICKER - Connecting to the contacts database...
INFO:root:TICKER - <sqlite3.Connection object at 0x10df5f940> made at Sun Sep  7 16:51:33 2014
INFO:root:TICKER - Ticker starting at Sun Sep  7 16:51:33 2014 at a 3 sec interval
INFO:root:TICKER- Dog pic sent to John Sasser at Sun Sep  7 16:51:33 2014
INFO:root:TICKER- Meme sent to Hayden at Sun Sep  7 16:51:34 2014
INFO:root:TICKER- Horoscope sent to Gabby at Sun Sep  7 16:51:35 2014
INFO:root:TICKER- Meme sent to John Sasser at Sun Sep  7 16:51:39 2014
INFO:root:TICKER- Meme sent to John Sasser at Sun Sep  7 16:51:40 2014
INFO:root:TICKER- Meme sent to Hayden at Sun Sep  7 16:51:41 2014
INFO:root:TICKER- Dog pic sent to Gabby at Sun Sep  7 16:51:42 2014
INFO:root:TICKER- Meme sent to John Sasser at Sun Sep  7 16:51:48 2014
INFO:root:TICKER- Joke sent to Hayden at Sun Sep  7 16:51:49 2014
INFO:root:TICKER- Meme sent to Gabby at Sun Sep  7 16:51:50 2014
INFO:root:TICKER- Joke sent to John Sasser at Sun Sep  7 16:51:54 2014
INFO:root:TICKER- Joke sent to Hayden at Sun Sep  7 16:51:55 2014
INFO:root:TICKER- Meme sent to John Sasser at Sun Sep  7 16:51:56 2014
INFO:root:TICKER- Meme sent to Hayden at Sun Sep  7 16:51:57 2014
INFO:root:TICKER- Meme sent to Gabby at Sun Sep  7 16:51:58 2014
INFO:root:TICKER- Meme sent to John Sasser at Sun Sep  7 16:52:04 2014
INFO:root:TICKER- Dog pic sent to Hayden at Sun Sep  7 16:52:05 2014
INFO:root:TICKER- Meme sent to Gabby at Sun Sep  7 16:52:06 2014
INFO:root:TICKER- Joke sent to John Sasser at Sun Sep  7 16:52:10 2014
INFO:root:TICKER- Dog pic sent to Hayden at Sun Sep  7 16:52:11 2014
INFO:root:TICKER- Dog pic sent to Gabby at Sun Sep  7 16:52:12 2014
INFO:root:TICKER- Meme sent to John Sasser at Sun Sep  7 16:52:16 2014
INFO:root:TICKER- Dog pic sent to Hayden at Sun Sep  7 16:52:17 2014
INFO:root:TICKER- Joke sent to Gabby at Sun Sep  7 16:52:18 2014
INFO:root:TICKER- Meme sent to John Sasser at Sun Sep  7 16:52:22 2014
INFO:root:TICKER- Meme sent to John Sasser at Sun Sep  7 16:52:23 2014
INFO:root:TICKER- Dog pic sent to John Sasser at Sun Sep  7 16:52:24 2014
INFO:root:TICKER- Meme sent to Hayden at Sun Sep  7 16:52:25 2014
INFO:root:TICKER- Dog pic sent to Gabby at Sun Sep  7 16:52:26 2014
INFO:root:TICKER- Meme sent to John Sasser at Sun Sep  7 16:52:34 2014
INFO:root:TICKER- Joke sent to Hayden at Sun Sep  7 16:52:35 2014
INFO:root:TICKER- Dog pic sent to John Sasser at Sun Sep  7 16:52:36 2014
INFO:root:TICKER- Meme sent to Hayden at Sun Sep  7 16:52:37 2014
INFO:root:TICKER- Dog pic sent to Gabby at Sun Sep  7 16:52:38 2014
INFO:root:TICKER- Dog pic sent to John Sasser at Sun Sep  7 16:52:44 2014
INFO:root:TICKER- Meme sent to Hayden at Sun Sep  7 16:52:45 2014
INFO:root:TICKER- Meme sent to Gabby at Sun Sep  7 16:52:46 2014
INFO:root:TICKER- Meme sent to John Sasser at Sun Sep  7 16:52:50 2014
INFO:root:TICKER- Dog pic sent to Hayden at Sun Sep  7 16:52:51 2014
INFO:root:TICKER- Meme sent to John Sasser at Sun Sep  7 16:52:52 2014
INFO:root:TICKER- Joke sent to Hayden at Sun Sep  7 16:52:53 2014
INFO:root:TICKER- Joke sent to Gabby at Sun Sep  7 16:52:54 2014
INFO:root:TICKER- Dog pic sent to John Sasser at Sun Sep  7 16:53:02 2014
INFO:root:TICKER- Dog pic sent to Hayden at Sun Sep  7 16:53:03 2014
INFO:root:TICKER- Dog pic sent to Gabby at Sun Sep  7 16:53:04 2014
INFO:root:TRANSMIT - Initializing data sources...
INFO:root:TRANSMIT - Data sources initialized at Sun Sep  7 16:53:29 2014
INFO:root:TICKER - Loading config file
INFO:root:TICKER - Connecting to the contacts database...
INFO:root:TICKER - <sqlite3.Connection object at 0x108b10940> made at Sun Sep  7 16:53:29 2014
INFO:root:TICKER - Ticker starting at Sun Sep  7 16:53:29 2014 at a 3 sec interval
INFO:root:TICKER- Horoscope sent to John Sasser at Sun Sep  7 16:53:29 2014
INFO:root:TICKER- Meme sent to Hayden at Sun Sep  7 16:53:30 2014
INFO:root:TICKER- Joke sent to Gabby at Sun Sep  7 16:53:31 2014
INFO:root:TRANSMIT - Initializing data sources...
INFO:root:TRANSMIT - Data sources initialized at Sun Sep  7 16:53:48 2014
INFO:root:TICKER - Loading config file
INFO:root:TICKER - Connecting to the contacts database...
INFO:root:TICKER - <sqlite3.Connection object at 0x10dafd940> made at Sun Sep  7 16:53:48 2014
INFO:root:TICKER - Ticker starting at Sun Sep  7 16:53:48 2014 at a 3 sec interval
INFO:root:TICKER- Dog pic sent to John Sasser at Sun Sep  7 16:53:48 2014
INFO:root:TICKER- Horoscope sent to Hayden at Sun Sep  7 16:53:49 2014
INFO:root:TICKER- Joke sent to Gabby at Sun Sep  7 16:53:50 2014
INFO:root:TICKER- Joke sent to John Sasser at Sun Sep  7 16:53:54 2014
INFO:root:TICKER- Meme sent to Hayden at Sun Sep  7 16:53:55 2014
INFO:root:TICKER- Joke sent to John Sasser at Sun Sep  7 16:53:56 2014
INFO:root:TICKER- Joke sent to Hayden at Sun Sep  7 16:53:57 2014
INFO:root:TICKER- Meme sent to Gabby at Sun Sep  7 16:53:58 2014
INFO:root:TICKER- Meme sent to John Sasser at Sun Sep  7 16:54:03 2014
INFO:root:TICKER- Dog pic sent to Hayden at Sun Sep  7 16:54:04 2014
INFO:root:TICKER- Meme sent to John Sasser at Sun Sep  7 16:54:05 2014
INFO:root:TICKER- Meme sent to Hayden at Sun Sep  7 16:54:06 2014
INFO:root:TICKER- Meme sent to Gabby at Sun Sep  7 16:54:07 2014
INFO:root:TICKER- Dog pic sent to John Sasser at Sun Sep  7 16:54:31 2014
INFO:root:TICKER- Dog pic sent to Hayden at Sun Sep  7 16:54:32 2014
INFO:root:TICKER- Joke sent to Gabby at Sun Sep  7 16:54:33 2014
INFO:root:TICKER- Meme sent to John Sasser at Sun Sep  7 16:54:54 2014
INFO:root:TICKER- Dog pic sent to John Sasser at Sun Sep  7 16:54:55 2014
INFO:root:TICKER- Dog pic sent to Hayden at Sun Sep  7 16:54:56 2014
INFO:root:TICKER- Joke sent to Gabby at Sun Sep  7 16:54:57 2014
INFO:root:TICKER- Joke sent to John Sasser at Sun Sep  7 16:55:19 2014
INFO:root:TICKER- Joke sent to Hayden at Sun Sep  7 16:55:20 2014
INFO:root:TICKER- Dog pic sent to Gabby at Sun Sep  7 16:55:21 2014
INFO:root:TRANSMIT - Initializing data sources...
INFO:root:TRANSMIT - Data sources initialized at Sun Sep  7 17:06:00 2014
INFO:root:TICKER - Loading config file
INFO:root:TICKER - Connecting to the contacts database...
INFO:root:TICKER - <sqlite3.Connection object at 0x105c54940> made at Sun Sep  7 17:06:00 2014
INFO:root:TICKER - Ticker starting at Sun Sep  7 17:06:00 2014 at a 2 sec interval
INFO:root:TICKER- Horoscope sent to John Sasser at Sun Sep  7 17:06:00 2014
INFO:root:TICKER- Joke sent to Hayden at Sun Sep  7 17:06:01 2014
INFO:root:TICKER- Meme sent to Gabby at Sun Sep  7 17:06:02 2014
INFO:root:TICKER- Joke sent to John Sasser at Sun Sep  7 17:06:05 2014
INFO:root:TICKER- Meme sent to Hayden at Sun Sep  7 17:06:06 2014
INFO:root:TICKER- Dog pic sent to Gabby at Sun Sep  7 17:06:07 2014
INFO:root:TICKER- Meme sent to John Sasser at Sun Sep  7 17:06:11 2014
INFO:root:TICKER- Joke sent to John Sasser at Sun Sep  7 17:06:12 2014
INFO:root:TICKER- Dog pic sent to Hayden at Sun Sep  7 17:06:13 2014
INFO:root:TICKER- Dog pic sent to Gabby at Sun Sep  7 17:06:14 2014
INFO:root:TICKER- Joke sent to John Sasser at Sun Sep  7 17:06:18 2014
INFO:root:TICKER- Meme sent to Hayden at Sun Sep  7 17:06:19 2014
INFO:root:TICKER- Dog pic sent to Gabby at Sun Sep  7 17:06:20 2014
INFO:root:TICKER- Meme sent to John Sasser at Sun Sep  7 17:06:23 2014
INFO:root:TICKER- Dog pic sent to Hayden at Sun Sep  7 17:06:24 2014
INFO:root:TICKER- Joke sent to Gabby at Sun Sep  7 17:06:25 2014
INFO:root:TICKER- Dog pic sent to John Sasser at Sun Sep  7 17:06:31 2014
INFO:root:TICKER- Meme sent to Hayden at Sun Sep  7 17:06:32 2014
INFO:root:TICKER- Joke sent to Gabby at Sun Sep  7 17:06:33 2014
INFO:root:TICKER- Dog pic sent to John Sasser at Sun Sep  7 17:06:36 2014
INFO:root:TICKER- Meme sent to Hayden at Sun Sep  7 17:06:37 2014
INFO:root:TICKER- Meme sent to Gabby at Sun Sep  7 17:06:38 2014
INFO:root:TRANSMIT - Initializing data sources...
INFO:root:TRANSMIT - Data sources initialized at Sun Sep  7 17:08:28 2014
INFO:root:TICKER - Loading config file
INFO:root:TICKER - Connecting to the contacts database...
INFO:root:TICKER - <sqlite3.Connection object at 0x10783b940> made at Sun Sep  7 17:08:28 2014
INFO:root:TICKER - Ticker starting at Sun Sep  7 17:08:28 2014 at a 2 sec interval
INFO:root:TICKER- Joke sent to John Sasser at Sun Sep  7 17:08:28 2014
INFO:root:TICKER- Joke sent to Hayden at Sun Sep  7 17:08:29 2014
INFO:root:TICKER- Joke sent to Gabby at Sun Sep  7 17:08:30 2014
INFO:root:TICKER- Joke sent to John Sasser at Sun Sep  7 17:08:33 2014
INFO:root:TICKER- Joke sent to Hayden at Sun Sep  7 17:08:34 2014
INFO:root:TICKER- Joke sent to Gabby at Sun Sep  7 17:08:35 2014
INFO:root:TICKER- Joke sent to John Sasser at Sun Sep  7 17:08:38 2014
INFO:root:TICKER- Joke sent to Hayden at Sun Sep  7 17:08:39 2014
INFO:root:TICKER- Joke sent to Gabby at Sun Sep  7 17:08:40 2014
INFO:root:TICKER- Joke sent to John Sasser at Sun Sep  7 17:08:43 2014
INFO:root:TICKER- Joke sent to Hayden at Sun Sep  7 17:08:44 2014
INFO:root:TICKER- Joke sent to Gabby at Sun Sep  7 17:08:45 2014
INFO:root:TICKER- Joke sent to John Sasser at Sun Sep  7 17:08:48 2014
INFO:root:TICKER- Joke sent to Hayden at Sun Sep  7 17:08:49 2014
INFO:root:TICKER- Joke sent to Gabby at Sun Sep  7 17:08:50 2014
INFO:root:TICKER- Joke sent to John Sasser at Sun Sep  7 17:08:53 2014
INFO:root:TICKER- Joke sent to Hayden at Sun Sep  7 17:08:54 2014
INFO:root:TICKER- Joke sent to Gabby at Sun Sep  7 17:08:55 2014
INFO:root:TICKER- Joke sent to John Sasser at Sun Sep  7 17:08:58 2014
INFO:root:TICKER- Joke sent to Hayden at Sun Sep  7 17:08:59 2014
INFO:root:TICKER- Joke sent to Gabby at Sun Sep  7 17:09:00 2014
INFO:root:TICKER- Joke sent to John Sasser at Sun Sep  7 17:09:03 2014
INFO:root:TICKER- Joke sent to Hayden at Sun Sep  7 17:09:04 2014
INFO:root:TICKER- Joke sent to Gabby at Sun Sep  7 17:09:05 2014
INFO:root:TICKER- Joke sent to John Sasser at Sun Sep  7 17:09:08 2014
INFO:root:TICKER- Joke sent to Hayden at Sun Sep  7 17:09:09 2014
INFO:root:TICKER- Joke sent to Gabby at Sun Sep  7 17:09:10 2014
INFO:root:TICKER- Joke sent to John Sasser at Sun Sep  7 17:09:13 2014
INFO:root:TICKER- Joke sent to Hayden at Sun Sep  7 17:09:14 2014
INFO:root:TICKER- Joke sent to Gabby at Sun Sep  7 17:09:15 2014
INFO:root:TICKER- Joke sent to John Sasser at Sun Sep  7 17:09:18 2014
INFO:root:TICKER- Joke sent to Hayden at Sun Sep  7 17:09:19 2014
INFO:root:TICKER- Joke sent to Gabby at Sun Sep  7 17:09:20 2014
INFO:root:TICKER- Joke sent to John Sasser at Sun Sep  7 17:09:23 2014
INFO:root:TICKER- Joke sent to Hayden at Sun Sep  7 17:09:24 2014
INFO:root:TICKER- Joke sent to Gabby at Sun Sep  7 17:09:25 2014
INFO:root:TICKER- Joke sent to John Sasser at Sun Sep  7 17:09:28 2014
INFO:root:TICKER- Joke sent to Hayden at Sun Sep  7 17:09:29 2014
INFO:root:TICKER- Joke sent to Gabby at Sun Sep  7 17:09:30 2014
INFO:root:TICKER- Joke sent to John Sasser at Sun Sep  7 17:09:33 2014
INFO:root:TICKER- Joke sent to Hayden at Sun Sep  7 17:09:34 2014
INFO:root:TICKER- Joke sent to Gabby at Sun Sep  7 17:09:35 2014
INFO:root:TICKER- Joke sent to John Sasser at Sun Sep  7 17:09:38 2014
INFO:root:TICKER- Joke sent to Hayden at Sun Sep  7 17:09:39 2014
INFO:root:TICKER- Joke sent to Gabby at Sun Sep  7 17:09:40 2014
INFO:root:TICKER- Joke sent to John Sasser at Sun Sep  7 17:09:43 2014
INFO:root:TICKER- Joke sent to Hayden at Sun Sep  7 17:09:44 2014
INFO:root:TICKER- Joke sent to Gabby at Sun Sep  7 17:09:45 2014
INFO:root:TICKER- Joke sent to John Sasser at Sun Sep  7 17:09:48 2014
INFO:root:TICKER- Joke sent to Hayden at Sun Sep  7 17:09:49 2014
INFO:root:TICKER- Joke sent to Gabby at Sun Sep  7 17:09:50 2014
INFO:root:TICKER- Joke sent to John Sasser at Sun Sep  7 17:09:53 2014
INFO:root:TICKER- Joke sent to Hayden at Sun Sep  7 17:09:54 2014
INFO:root:TICKER- Joke sent to Gabby at Sun Sep  7 17:09:55 2014
INFO:root:TICKER- Joke sent to John Sasser at Sun Sep  7 17:09:58 2014
INFO:root:TICKER- Joke sent to Hayden at Sun Sep  7 17:09:59 2014
INFO:root:TICKER- Joke sent to Gabby at Sun Sep  7 17:10:00 2014
INFO:root:TICKER- Joke sent to John Sasser at Sun Sep  7 17:10:03 2014
INFO:root:TICKER- Joke sent to Hayden at Sun Sep  7 17:10:04 2014
INFO:root:TICKER- Joke sent to Gabby at Sun Sep  7 17:10:05 2014
INFO:root:TICKER- Joke sent to John Sasser at Sun Sep  7 17:10:08 2014
INFO:root:TICKER- Joke sent to Hayden at Sun Sep  7 17:10:09 2014
INFO:root:TICKER- Joke sent to Gabby at Sun Sep  7 17:10:10 2014
INFO:root:TICKER- Joke sent to John Sasser at Sun Sep  7 17:10:13 2014
INFO:root:TICKER- Joke sent to Hayden at Sun Sep  7 17:10:14 2014
INFO:root:TICKER- Joke sent to Gabby at Sun Sep  7 17:10:15 2014
INFO:root:TICKER- Joke sent to John Sasser at Sun Sep  7 17:10:18 2014
INFO:root:TICKER- Joke sent to Hayden at Sun Sep  7 17:10:19 2014
INFO:root:TICKER- Joke sent to Gabby at Sun Sep  7 17:10:20 2014
INFO:root:TICKER- Joke sent to John Sasser at Sun Sep  7 17:10:23 2014
INFO:root:TICKER- Joke sent to Hayden at Sun Sep  7 17:10:24 2014
INFO:root:TICKER- Joke sent to Gabby at Sun Sep  7 17:10:25 2014
INFO:root:TICKER- Joke sent to John Sasser at Sun Sep  7 17:10:28 2014
INFO:root:TICKER- Joke sent to Hayden at Sun Sep  7 17:10:29 2014
INFO:root:TICKER- Joke sent to Gabby at Sun Sep  7 17:10:30 2014
INFO:root:TICKER- Joke sent to John Sasser at Sun Sep  7 17:10:33 2014
INFO:root:TICKER- Joke sent to Hayden at Sun Sep  7 17:10:34 2014
INFO:root:TICKER- Joke sent to Gabby at Sun Sep  7 17:10:35 2014
INFO:root:TICKER- Joke sent to John Sasser at Sun Sep  7 17:10:38 2014
INFO:root:TICKER- Joke sent to Hayden at Sun Sep  7 17:10:39 2014
INFO:root:TICKER- Joke sent to Gabby at Sun Sep  7 17:10:40 2014
INFO:root:TICKER- Joke sent to John Sasser at Sun Sep  7 17:10:43 2014
INFO:root:TICKER- Joke sent to Hayden at Sun Sep  7 17:10:44 2014
INFO:root:TICKER- Joke sent to Gabby at Sun Sep  7 17:10:45 2014
INFO:root:TICKER- Joke sent to John Sasser at Sun Sep  7 17:10:48 2014
INFO:root:TICKER- Joke sent to Hayden at Sun Sep  7 17:10:49 2014
INFO:root:TICKER- Joke sent to Gabby at Sun Sep  7 17:10:50 2014
INFO:root:TICKER- Joke sent to John Sasser at Sun Sep  7 17:10:53 2014
INFO:root:TICKER- Joke sent to Hayden at Sun Sep  7 17:10:54 2014
INFO:root:TICKER- Joke sent to Gabby at Sun Sep  7 17:10:55 2014
INFO:root:TICKER- Joke sent to John Sasser at Sun Sep  7 17:10:58 2014
INFO:root:TICKER- Joke sent to Hayden at Sun Sep  7 17:10:59 2014
INFO:root:TICKER- Joke sent to Gabby at Sun Sep  7 17:11:00 2014
INFO:root:TICKER- Joke sent to John Sasser at Sun Sep  7 17:11:03 2014
INFO:root:TICKER- Joke sent to Hayden at Sun Sep  7 17:11:04 2014
INFO:root:TICKER- Joke sent to Gabby at Sun Sep  7 17:11:05 2014
INFO:root:TICKER- Joke sent to John Sasser at Sun Sep  7 17:11:08 2014
INFO:root:TRANSMIT - Initializing data sources...
INFO:root:TRANSMIT - Data sources initialized at Sun Sep  7 17:11:29 2014
INFO:root:TICKER - Loading config file
INFO:root:TICKER - Connecting to the contacts database...
INFO:root:TICKER - <sqlite3.Connection object at 0x10f157940> made at Sun Sep  7 17:11:29 2014
INFO:root:TICKER - Ticker starting at Sun Sep  7 17:11:29 2014 at a 2 sec interval
INFO:root:TICKER- Joke sent to John Sasser at Sun Sep  7 17:11:29 2014
INFO:root:TICKER- Joke sent to Hayden at Sun Sep  7 17:11:30 2014
INFO:root:TICKER- Joke sent to Gabby at Sun Sep  7 17:11:31 2014
INFO:root:TICKER- Joke sent to John Sasser at Sun Sep  7 17:11:34 2014
INFO:root:TICKER- Joke sent to Hayden at Sun Sep  7 17:11:35 2014
INFO:root:TICKER- Joke sent to Gabby at Sun Sep  7 17:11:36 2014
INFO:root:TICKER- Joke sent to John Sasser at Sun Sep  7 17:11:39 2014
INFO:root:TICKER- Joke sent to Hayden at Sun Sep  7 17:11:40 2014
INFO:root:TICKER- Joke sent to Gabby at Sun Sep  7 17:11:41 2014
INFO:root:TICKER- Joke sent to John Sasser at Sun Sep  7 17:11:44 2014
INFO:root:TICKER- Joke sent to Hayden at Sun Sep  7 17:11:45 2014
INFO:root:TICKER- Joke sent to Gabby at Sun Sep  7 17:11:46 2014
INFO:root:TICKER- Joke sent to John Sasser at Sun Sep  7 17:11:49 2014
INFO:root:TICKER- Joke sent to Hayden at Sun Sep  7 17:11:50 2014
INFO:root:TICKER- Joke sent to Gabby at Sun Sep  7 17:11:51 2014
INFO:root:TICKER- Joke sent to John Sasser at Sun Sep  7 17:11:54 2014
INFO:root:TICKER- Joke sent to Hayden at Sun Sep  7 17:11:55 2014
INFO:root:TICKER- Joke sent to Gabby at Sun Sep  7 17:11:56 2014
INFO:root:TICKER- Joke sent to John Sasser at Sun Sep  7 17:11:59 2014
INFO:root:TICKER- Joke sent to Hayden at Sun Sep  7 17:12:00 2014
INFO:root:TICKER- Joke sent to Gabby at Sun Sep  7 17:12:01 2014
INFO:root:TICKER- Joke sent to John Sasser at Sun Sep  7 17:12:04 2014
INFO:root:TICKER- Joke sent to Hayden at Sun Sep  7 17:12:05 2014
INFO:root:TICKER- Joke sent to Gabby at Sun Sep  7 17:12:06 2014
INFO:root:TICKER- Joke sent to John Sasser at Sun Sep  7 17:12:09 2014
INFO:root:TICKER- Joke sent to Hayden at Sun Sep  7 17:12:10 2014
INFO:root:TICKER- Joke sent to Gabby at Sun Sep  7 17:12:11 2014
INFO:root:TICKER- Joke sent to John Sasser at Sun Sep  7 17:12:14 2014
INFO:root:TICKER- Joke sent to Hayden at Sun Sep  7 17:12:15 2014
INFO:root:TICKER- Joke sent to Gabby at Sun Sep  7 17:12:16 2014
INFO:root:TICKER- Joke sent to John Sasser at Sun Sep  7 17:12:19 2014
INFO:root:TICKER- Joke sent to Hayden at Sun Sep  7 17:12:20 2014
INFO:root:TICKER- Joke sent to Gabby at Sun Sep  7 17:12:21 2014
INFO:root:TICKER- Joke sent to John Sasser at Sun Sep  7 17:12:24 2014
INFO:root:TICKER- Joke sent to Hayden at Sun Sep  7 17:12:25 2014
INFO:root:TICKER- Joke sent to Gabby at Sun Sep  7 17:12:26 2014
INFO:root:TICKER- Joke sent to John Sasser at Sun Sep  7 17:12:29 2014
INFO:root:TICKER- Joke sent to Hayden at Sun Sep  7 17:12:30 2014
INFO:root:TICKER- Joke sent to Gabby at Sun Sep  7 17:12:31 2014
INFO:root:TICKER- Joke sent to John Sasser at Sun Sep  7 17:12:34 2014
INFO:root:TICKER- Joke sent to Hayden at Sun Sep  7 17:12:35 2014
INFO:root:TICKER- Joke sent to Gabby at Sun Sep  7 17:12:36 2014
INFO:root:TICKER- Joke sent to John Sasser at Sun Sep  7 17:12:39 2014
INFO:root:TICKER- Joke sent to Hayden at Sun Sep  7 17:12:40 2014
INFO:root:TICKER- Joke sent to Gabby at Sun Sep  7 17:12:41 2014
INFO:root:TICKER- Joke sent to John Sasser at Sun Sep  7 17:12:44 2014
INFO:root:TICKER- Joke sent to Hayden at Sun Sep  7 17:12:45 2014
INFO:root:TICKER- Joke sent to Gabby at Sun Sep  7 17:12:46 2014
INFO:root:TICKER- Joke sent to John Sasser at Sun Sep  7 17:12:49 2014
INFO:root:TICKER- Joke sent to Hayden at Sun Sep  7 17:12:50 2014
INFO:root:TICKER- Joke sent to Gabby at Sun Sep  7 17:12:51 2014
INFO:root:TICKER- Joke sent to John Sasser at Sun Sep  7 17:12:54 2014
INFO:root:TICKER- Joke sent to Hayden at Sun Sep  7 17:12:55 2014
INFO:root:TICKER- Joke sent to Gabby at Sun Sep  7 17:12:56 2014
INFO:root:TICKER- Joke sent to John Sasser at Sun Sep  7 17:12:59 2014
INFO:root:TICKER- Joke sent to Hayden at Sun Sep  7 17:13:00 2014
INFO:root:TICKER- Joke sent to Gabby at Sun Sep  7 17:13:01 2014
INFO:root:TRANSMIT - Initializing data sources...
INFO:root:TRANSMIT - Data sources initialized at Sun Sep  7 17:13:03 2014
INFO:root:TICKER - Loading config file
INFO:root:TICKER - Connecting to the contacts database...
INFO:root:TICKER - <sqlite3.Connection object at 0x10d8fc940> made at Sun Sep  7 17:13:03 2014
INFO:root:TICKER - Ticker starting at Sun Sep  7 17:13:03 2014 at a 2 sec interval
INFO:root:TICKER- Joke sent to John Sasser at Sun Sep  7 17:13:03 2014
INFO:root:TICKER- Joke sent to Hayden at Sun Sep  7 17:13:04 2014
INFO:root:TICKER- Joke sent to Gabby at Sun Sep  7 17:13:05 2014
INFO:root:TICKER- Joke sent to John Sasser at Sun Sep  7 17:13:08 2014
INFO:root:TICKER- Joke sent to Hayden at Sun Sep  7 17:13:09 2014
INFO:root:TICKER- Joke sent to Gabby at Sun Sep  7 17:13:10 2014
INFO:root:TICKER- Joke sent to John Sasser at Sun Sep  7 17:13:13 2014
INFO:root:TICKER- Joke sent to Hayden at Sun Sep  7 17:13:14 2014
INFO:root:TICKER- Joke sent to Gabby at Sun Sep  7 17:13:15 2014
INFO:root:TICKER- Joke sent to John Sasser at Sun Sep  7 17:13:18 2014
INFO:root:TICKER- Joke sent to Hayden at Sun Sep  7 17:13:19 2014
INFO:root:TICKER- Joke sent to Gabby at Sun Sep  7 17:13:20 2014
INFO:root:TICKER- Joke sent to John Sasser at Sun Sep  7 17:13:23 2014
INFO:root:TICKER- Joke sent to Hayden at Sun Sep  7 17:13:24 2014
INFO:root:TICKER- Joke sent to Gabby at Sun Sep  7 17:13:25 2014
INFO:root:TICKER- Joke sent to John Sasser at Sun Sep  7 17:13:28 2014
INFO:root:TICKER- Joke sent to Hayden at Sun Sep  7 17:13:29 2014
INFO:root:TICKER- Joke sent to Gabby at Sun Sep  7 17:13:30 2014
INFO:root:TICKER- Joke sent to John Sasser at Sun Sep  7 17:13:33 2014
INFO:root:TICKER- Joke sent to Hayden at Sun Sep  7 17:13:34 2014
INFO:root:TICKER- Joke sent to Gabby at Sun Sep  7 17:13:35 2014
INFO:root:TICKER- Joke sent to John Sasser at Sun Sep  7 17:13:38 2014
INFO:root:TICKER- Joke sent to Hayden at Sun Sep  7 17:13:39 2014
INFO:root:TICKER- Joke sent to Gabby at Sun Sep  7 17:13:40 2014
INFO:root:TICKER- Joke sent to John Sasser at Sun Sep  7 17:13:43 2014
INFO:root:TICKER- Joke sent to Hayden at Sun Sep  7 17:13:44 2014
INFO:root:TICKER- Joke sent to Gabby at Sun Sep  7 17:13:45 2014
INFO:root:TICKER- Joke sent to John Sasser at Sun Sep  7 17:13:48 2014
INFO:root:TICKER- Joke sent to Hayden at Sun Sep  7 17:13:49 2014
INFO:root:TICKER- Joke sent to Gabby at Sun Sep  7 17:13:50 2014
INFO:root:TICKER- Joke sent to John Sasser at Sun Sep  7 17:13:53 2014
INFO:root:TICKER- Joke sent to Hayden at Sun Sep  7 17:13:54 2014
INFO:root:TICKER- Joke sent to Gabby at Sun Sep  7 17:13:55 2014
INFO:root:TICKER- Joke sent to John Sasser at Sun Sep  7 17:13:58 2014
INFO:root:TICKER- Joke sent to Hayden at Sun Sep  7 17:13:59 2014
INFO:root:TICKER- Joke sent to Gabby at Sun Sep  7 17:14:00 2014
INFO:root:TICKER- Joke sent to John Sasser at Sun Sep  7 17:14:03 2014
INFO:root:TICKER- Joke sent to Hayden at Sun Sep  7 17:14:04 2014
INFO:root:TICKER- Joke sent to Gabby at Sun Sep  7 17:14:05 2014
INFO:root:TICKER- Joke sent to John Sasser at Sun Sep  7 17:14:08 2014
INFO:root:TICKER- Joke sent to Hayden at Sun Sep  7 17:14:09 2014
INFO:root:TICKER- Joke sent to Gabby at Sun Sep  7 17:14:10 2014
INFO:root:TICKER- Joke sent to John Sasser at Sun Sep  7 17:14:13 2014
INFO:root:TICKER- Joke sent to Hayden at Sun Sep  7 17:14:14 2014
INFO:root:TICKER- Joke sent to Gabby at Sun Sep  7 17:14:15 2014
INFO:root:TICKER- Joke sent to John Sasser at Sun Sep  7 17:14:18 2014
INFO:root:TICKER- Joke sent to Hayden at Sun Sep  7 17:14:19 2014
INFO:root:TICKER- Joke sent to Gabby at Sun Sep  7 17:14:20 2014
INFO:root:TICKER- Joke sent to John Sasser at Sun Sep  7 17:14:23 2014
INFO:root:TICKER- Joke sent to Hayden at Sun Sep  7 17:14:24 2014
INFO:root:TICKER- Joke sent to Gabby at Sun Sep  7 17:14:25 2014
INFO:root:TICKER- Joke sent to John Sasser at Sun Sep  7 17:14:36 2014
INFO:root:TICKER- Joke sent to Hayden at Sun Sep  7 17:14:37 2014
INFO:root:TICKER- Joke sent to Gabby at Sun Sep  7 17:14:38 2014
INFO:root:TICKER- Joke sent to John Sasser at Sun Sep  7 17:14:49 2014
INFO:root:TICKER- Joke sent to Hayden at Sun Sep  7 17:14:50 2014
INFO:root:TICKER- Joke sent to Gabby at Sun Sep  7 17:14:51 2014
INFO:root:TICKER- Joke sent to John Sasser at Sun Sep  7 17:15:02 2014
INFO:root:TICKER- Joke sent to Hayden at Sun Sep  7 17:15:03 2014
INFO:root:TICKER- Joke sent to Gabby at Sun Sep  7 17:15:04 2014
INFO:root:TICKER- Joke sent to John Sasser at Sun Sep  7 17:15:15 2014
INFO:root:TICKER- Joke sent to Hayden at Sun Sep  7 17:15:16 2014
INFO:root:TICKER- Joke sent to Gabby at Sun Sep  7 17:15:17 2014
INFO:root:TICKER- Joke sent to John Sasser at Sun Sep  7 17:15:28 2014
INFO:root:TICKER- Joke sent to Hayden at Sun Sep  7 17:15:29 2014
INFO:root:TICKER- Joke sent to Gabby at Sun Sep  7 17:15:30 2014
INFO:root:TICKER- Joke sent to John Sasser at Sun Sep  7 17:15:41 2014
INFO:root:TICKER- Joke sent to Hayden at Sun Sep  7 17:15:42 2014
INFO:root:TICKER- Joke sent to Gabby at Sun Sep  7 17:15:43 2014
INFO:root:TICKER- Joke sent to John Sasser at Sun Sep  7 17:15:54 2014
INFO:root:TICKER- Joke sent to Hayden at Sun Sep  7 17:15:55 2014
INFO:root:TICKER- Joke sent to Gabby at Sun Sep  7 17:15:56 2014
INFO:root:TICKER- Joke sent to John Sasser at Sun Sep  7 17:16:07 2014
INFO:root:TICKER- Joke sent to Hayden at Sun Sep  7 17:16:08 2014
INFO:root:TICKER- Joke sent to Gabby at Sun Sep  7 17:16:09 2014
INFO:root:TICKER- Joke sent to John Sasser at Sun Sep  7 17:16:20 2014
INFO:root:TICKER- Joke sent to Hayden at Sun Sep  7 17:16:21 2014
INFO:root:TICKER- Joke sent to Gabby at Sun Sep  7 17:16:22 2014
INFO:root:TICKER- Joke sent to John Sasser at Sun Sep  7 17:16:33 2014
INFO:root:TICKER- Joke sent to Hayden at Sun Sep  7 17:16:34 2014
INFO:root:TICKER- Joke sent to Gabby at Sun Sep  7 17:16:35 2014
INFO:root:TICKER- Joke sent to John Sasser at Sun Sep  7 17:16:46 2014
INFO:root:TICKER- Joke sent to Hayden at Sun Sep  7 17:16:47 2014
INFO:root:TICKER- Joke sent to Gabby at Sun Sep  7 17:16:48 2014
INFO:root:TICKER- Joke sent to John Sasser at Sun Sep  7 17:16:59 2014
INFO:root:TICKER- Joke sent to Hayden at Sun Sep  7 17:17:00 2014
INFO:root:TICKER- Joke sent to Gabby at Sun Sep  7 17:17:01 2014
INFO:root:TICKER- Joke sent to John Sasser at Sun Sep  7 17:17:12 2014
INFO:root:TICKER- Joke sent to Hayden at Sun Sep  7 17:17:13 2014
INFO:root:TICKER- Joke sent to Gabby at Sun Sep  7 17:17:14 2014
INFO:root:TICKER- Joke sent to John Sasser at Sun Sep  7 17:17:25 2014
INFO:root:TICKER- Joke sent to Hayden at Sun Sep  7 17:17:26 2014
INFO:root:TICKER- Joke sent to Gabby at Sun Sep  7 17:17:27 2014
INFO:root:TICKER- Joke sent to John Sasser at Sun Sep  7 17:17:38 2014
INFO:root:TICKER- Joke sent to Hayden at Sun Sep  7 17:17:39 2014
INFO:root:TICKER- Joke sent to Gabby at Sun Sep  7 17:17:40 2014
INFO:root:TICKER- Joke sent to John Sasser at Sun Sep  7 17:17:51 2014
INFO:root:TICKER- Joke sent to Hayden at Sun Sep  7 17:17:52 2014
INFO:root:TICKER- Joke sent to Gabby at Sun Sep  7 17:17:53 2014
INFO:root:TICKER- Joke sent to John Sasser at Sun Sep  7 17:18:04 2014
INFO:root:TICKER- Joke sent to Hayden at Sun Sep  7 17:18:05 2014
INFO:root:TICKER- Joke sent to Gabby at Sun Sep  7 17:18:06 2014
INFO:root:TICKER- Joke sent to John Sasser at Sun Sep  7 17:18:17 2014
INFO:root:TICKER- Joke sent to Hayden at Sun Sep  7 17:18:18 2014
INFO:root:TICKER- Joke sent to Gabby at Sun Sep  7 17:18:19 2014
INFO:root:TICKER- Joke sent to John Sasser at Sun Sep  7 17:18:30 2014
INFO:root:TICKER- Joke sent to Hayden at Sun Sep  7 17:18:31 2014
INFO:root:TICKER- Joke sent to Gabby at Sun Sep  7 17:18:32 2014
INFO:root:TICKER- Joke sent to John Sasser at Sun Sep  7 17:18:43 2014
INFO:root:TICKER- Joke sent to Hayden at Sun Sep  7 17:18:44 2014
INFO:root:TICKER- Joke sent to Gabby at Sun Sep  7 17:18:45 2014
INFO:root:TICKER- Joke sent to John Sasser at Sun Sep  7 17:18:56 2014
INFO:root:TICKER- Joke sent to Hayden at Sun Sep  7 17:18:57 2014
INFO:root:TICKER- Joke sent to Gabby at Sun Sep  7 17:18:58 2014
INFO:root:TICKER- Joke sent to John Sasser at Sun Sep  7 17:19:09 2014
INFO:root:TICKER- Joke sent to Hayden at Sun Sep  7 17:19:10 2014
INFO:root:TICKER- Joke sent to Gabby at Sun Sep  7 17:19:11 2014
INFO:root:TICKER- Joke sent to John Sasser at Sun Sep  7 17:19:22 2014
INFO:root:TICKER- Joke sent to Hayden at Sun Sep  7 17:19:23 2014
INFO:root:TICKER- Joke sent to Gabby at Sun Sep  7 17:19:24 2014
INFO:root:TICKER- Joke sent to John Sasser at Sun Sep  7 17:19:35 2014
INFO:root:TICKER- Joke sent to Hayden at Sun Sep  7 17:19:36 2014
INFO:root:TICKER- Joke sent to Gabby at Sun Sep  7 17:19:37 2014
INFO:root:TICKER- Joke sent to John Sasser at Sun Sep  7 17:19:48 2014
INFO:root:TICKER- Joke sent to Hayden at Sun Sep  7 17:19:49 2014
INFO:root:TICKER- Joke sent to Gabby at Sun Sep  7 17:19:50 2014
INFO:root:TICKER- Joke sent to John Sasser at Sun Sep  7 17:20:01 2014
INFO:root:TICKER- Joke sent to Hayden at Sun Sep  7 17:20:02 2014
INFO:root:TICKER- Joke sent to Gabby at Sun Sep  7 17:20:03 2014
INFO:root:TICKER- Joke sent to John Sasser at Sun Sep  7 17:20:14 2014
INFO:root:TICKER- Joke sent to Hayden at Sun Sep  7 17:20:15 2014
INFO:root:TICKER- Joke sent to Gabby at Sun Sep  7 17:20:16 2014
INFO:root:TICKER- Joke sent to John Sasser at Sun Sep  7 17:20:27 2014
INFO:root:TICKER- Joke sent to Hayden at Sun Sep  7 17:20:28 2014
INFO:root:TICKER- Joke sent to Gabby at Sun Sep  7 17:20:29 2014
INFO:root:TICKER- Joke sent to John Sasser at Sun Sep  7 17:20:41 2014
INFO:root:TICKER- Joke sent to Hayden at Sun Sep  7 17:20:42 2014
INFO:root:TICKER- Joke sent to Gabby at Sun Sep  7 17:20:43 2014
INFO:root:TICKER- Joke sent to John Sasser at Sun Sep  7 17:20:54 2014
INFO:root:TICKER- Joke sent to Hayden at Sun Sep  7 17:20:55 2014
INFO:root:TICKER- Joke sent to Gabby at Sun Sep  7 17:20:56 2014
INFO:root:TICKER- Joke sent to John Sasser at Sun Sep  7 17:21:07 2014
INFO:root:TICKER- Joke sent to Hayden at Sun Sep  7 17:21:08 2014
INFO:root:TICKER- Joke sent to Gabby at Sun Sep  7 17:21:09 2014
INFO:root:TICKER- Joke sent to John Sasser at Sun Sep  7 17:21:20 2014
INFO:root:TICKER- Joke sent to Hayden at Sun Sep  7 17:21:21 2014
INFO:root:TICKER- Joke sent to Gabby at Sun Sep  7 17:21:22 2014
INFO:root:TICKER- Joke sent to John Sasser at Sun Sep  7 17:21:33 2014
INFO:root:TICKER- Joke sent to Hayden at Sun Sep  7 17:21:34 2014
INFO:root:TICKER- Joke sent to Gabby at Sun Sep  7 17:21:35 2014
INFO:root:TICKER- Joke sent to John Sasser at Sun Sep  7 17:21:46 2014
INFO:root:TICKER- Joke sent to Hayden at Sun Sep  7 17:21:47 2014
INFO:root:TICKER- Joke sent to Gabby at Sun Sep  7 17:21:48 2014
INFO:root:TICKER- Joke sent to John Sasser at Sun Sep  7 17:21:59 2014
INFO:root:TICKER- Joke sent to Hayden at Sun Sep  7 17:22:00 2014
INFO:root:TICKER- Joke sent to Gabby at Sun Sep  7 17:22:01 2014
INFO:root:TICKER- Joke sent to John Sasser at Sun Sep  7 17:22:12 2014
INFO:root:TICKER- Joke sent to Hayden at Sun Sep  7 17:22:13 2014
INFO:root:TICKER- Joke sent to Gabby at Sun Sep  7 17:22:14 2014
INFO:root:TICKER- Joke sent to John Sasser at Sun Sep  7 17:22:25 2014
INFO:root:TICKER- Joke sent to Hayden at Sun Sep  7 17:22:26 2014
INFO:root:TICKER- Joke sent to Gabby at Sun Sep  7 17:22:27 2014
INFO:root:TICKER- Joke sent to John Sasser at Sun Sep  7 17:22:38 2014
INFO:root:TICKER- Joke sent to Hayden at Sun Sep  7 17:22:39 2014
INFO:root:TICKER- Joke sent to Gabby at Sun Sep  7 17:22:40 2014
INFO:root:TICKER- Joke sent to John Sasser at Sun Sep  7 17:22:51 2014
INFO:root:TICKER- Joke sent to Hayden at Sun Sep  7 17:22:52 2014
INFO:root:TICKER- Joke sent to Gabby at Sun Sep  7 17:22:53 2014
INFO:root:TICKER- Joke sent to John Sasser at Sun Sep  7 17:23:04 2014
INFO:root:TICKER- Joke sent to Hayden at Sun Sep  7 17:23:05 2014
INFO:root:TICKER- Joke sent to Gabby at Sun Sep  7 17:23:06 2014
INFO:root:TICKER- Joke sent to John Sasser at Sun Sep  7 17:23:17 2014
INFO:root:TICKER- Joke sent to Hayden at Sun Sep  7 17:23:18 2014
INFO:root:TICKER- Joke sent to Gabby at Sun Sep  7 17:23:19 2014
INFO:root:TICKER- Joke sent to John Sasser at Sun Sep  7 17:23:30 2014
INFO:root:TICKER- Joke sent to Hayden at Sun Sep  7 17:23:31 2014
INFO:root:TICKER- Joke sent to Gabby at Sun Sep  7 17:23:32 2014
INFO:root:TICKER- Joke sent to John Sasser at Sun Sep  7 17:23:43 2014
INFO:root:TICKER- Joke sent to Hayden at Sun Sep  7 17:23:44 2014
INFO:root:TICKER- Joke sent to Gabby at Sun Sep  7 17:23:45 2014
INFO:root:TICKER- Joke sent to John Sasser at Sun Sep  7 17:23:56 2014
INFO:root:TICKER- Joke sent to Hayden at Sun Sep  7 17:23:57 2014
INFO:root:TICKER- Joke sent to Gabby at Sun Sep  7 17:23:58 2014
INFO:root:TICKER- Joke sent to John Sasser at Sun Sep  7 17:24:09 2014
INFO:root:TICKER- Joke sent to Hayden at Sun Sep  7 17:24:10 2014
INFO:root:TICKER- Joke sent to Gabby at Sun Sep  7 17:24:11 2014
INFO:root:TICKER- Joke sent to John Sasser at Sun Sep  7 17:24:22 2014
INFO:root:TICKER- Joke sent to Hayden at Sun Sep  7 17:24:23 2014
INFO:root:TICKER- Joke sent to Gabby at Sun Sep  7 17:24:24 2014
INFO:root:TICKER- Joke sent to John Sasser at Sun Sep  7 17:24:35 2014
INFO:root:TICKER- Joke sent to Hayden at Sun Sep  7 17:24:36 2014
INFO:root:TICKER- Joke sent to Gabby at Sun Sep  7 17:24:37 2014
INFO:root:TICKER- Joke sent to John Sasser at Sun Sep  7 17:24:48 2014
INFO:root:TICKER- Joke sent to Hayden at Sun Sep  7 17:24:49 2014
INFO:root:TICKER- Joke sent to Gabby at Sun Sep  7 17:24:50 2014
INFO:root:TICKER- Joke sent to John Sasser at Sun Sep  7 17:25:01 2014
INFO:root:TICKER- Joke sent to Hayden at Sun Sep  7 17:25:02 2014
INFO:root:TICKER- Joke sent to Gabby at Sun Sep  7 17:25:03 2014
INFO:root:TICKER- Joke sent to John Sasser at Sun Sep  7 17:25:14 2014
INFO:root:TICKER- Joke sent to Hayden at Sun Sep  7 17:25:15 2014
INFO:root:TICKER- Joke sent to Gabby at Sun Sep  7 17:25:16 2014
INFO:root:TICKER- Joke sent to John Sasser at Sun Sep  7 17:25:27 2014
INFO:root:TICKER- Joke sent to Hayden at Sun Sep  7 17:25:28 2014
INFO:root:TICKER- Joke sent to Gabby at Sun Sep  7 17:25:29 2014
INFO:root:TICKER- Joke sent to John Sasser at Sun Sep  7 17:25:40 2014
INFO:root:TICKER- Joke sent to Hayden at Sun Sep  7 17:25:41 2014
INFO:root:TICKER- Joke sent to Gabby at Sun Sep  7 17:25:42 2014
INFO:root:TICKER- Joke sent to John Sasser at Sun Sep  7 17:25:53 2014
INFO:root:TICKER- Joke sent to Hayden at Sun Sep  7 17:25:54 2014
INFO:root:TICKER- Joke sent to Gabby at Sun Sep  7 17:25:55 2014
INFO:root:TICKER- Joke sent to John Sasser at Sun Sep  7 17:26:06 2014
INFO:root:TICKER- Joke sent to Hayden at Sun Sep  7 17:26:07 2014
INFO:root:TICKER- Joke sent to Gabby at Sun Sep  7 17:26:08 2014
INFO:root:TICKER- Joke sent to John Sasser at Sun Sep  7 17:26:19 2014
INFO:root:TICKER- Joke sent to Hayden at Sun Sep  7 17:26:20 2014
INFO:root:TICKER- Joke sent to Gabby at Sun Sep  7 17:26:21 2014
INFO:root:TICKER- Joke sent to John Sasser at Sun Sep  7 17:26:32 2014
INFO:root:TICKER- Joke sent to Hayden at Sun Sep  7 17:26:33 2014
INFO:root:TICKER- Joke sent to Gabby at Sun Sep  7 17:26:34 2014
INFO:root:TICKER- Joke sent to John Sasser at Sun Sep  7 17:26:45 2014
INFO:root:TICKER- Joke sent to Hayden at Sun Sep  7 17:26:46 2014
INFO:root:TICKER- Joke sent to Gabby at Sun Sep  7 17:26:47 2014
INFO:root:TICKER- Joke sent to John Sasser at Sun Sep  7 17:26:58 2014
INFO:root:TICKER- Joke sent to Hayden at Sun Sep  7 17:26:59 2014
INFO:root:TICKER- Joke sent to Gabby at Sun Sep  7 17:27:00 2014
INFO:root:TICKER- Joke sent to John Sasser at Sun Sep  7 17:27:11 2014
INFO:root:TICKER- Joke sent to Hayden at Sun Sep  7 17:27:12 2014
INFO:root:TICKER- Joke sent to Gabby at Sun Sep  7 17:27:13 2014
INFO:root:TICKER- Joke sent to John Sasser at Sun Sep  7 17:27:44 2014
INFO:root:TICKER- Joke sent to Hayden at Sun Sep  7 17:27:45 2014
INFO:root:TICKER- Joke sent to Gabby at Sun Sep  7 17:27:46 2014
INFO:root:TICKER- Joke sent to John Sasser at Sun Sep  7 17:28:17 2014
INFO:root:TICKER- Joke sent to Hayden at Sun Sep  7 17:28:18 2014
INFO:root:TICKER- Joke sent to Gabby at Sun Sep  7 17:28:19 2014
INFO:root:TRANSMIT - Initializing data sources...
INFO:root:TRANSMIT - Data sources initialized at Sun Sep  7 17:28:46 2014
INFO:root:TICKER - Loading config file
INFO:root:TICKER - Connecting to the contacts database...
INFO:root:TICKER - <sqlite3.Connection object at 0x10e1bc5a0> made at Sun Sep  7 17:28:46 2014
INFO:root:TICKER - Ticker starting at Sun Sep  7 17:28:46 2014 at a 30 sec interval
INFO:root:TICKER- Joke sent to John Sasser at Sun Sep  7 17:28:46 2014
INFO:root:TICKER- Joke sent to Hayden at Sun Sep  7 17:28:47 2014
INFO:root:TICKER- Joke sent to Gabby at Sun Sep  7 17:28:48 2014
INFO:root:TICKER- Joke sent to John Sasser at Sun Sep  7 17:29:19 2014
INFO:root:TICKER- Joke sent to Hayden at Sun Sep  7 17:29:20 2014
INFO:root:TICKER- Joke sent to Gabby at Sun Sep  7 17:29:21 2014
INFO:root:TICKER- Joke sent to John Sasser at Sun Sep  7 17:29:52 2014
INFO:root:TICKER- Joke sent to Hayden at Sun Sep  7 17:29:53 2014
INFO:root:TICKER- Joke sent to Gabby at Sun Sep  7 17:29:54 2014
INFO:root:TICKER- Joke sent to John Sasser at Sun Sep  7 17:30:25 2014
INFO:root:TICKER- Joke sent to Hayden at Sun Sep  7 17:30:26 2014
INFO:root:TICKER- Joke sent to Gabby at Sun Sep  7 17:30:27 2014
INFO:root:TICKER- Joke sent to John Sasser at Sun Sep  7 17:30:58 2014
INFO:root:TICKER- Joke sent to Hayden at Sun Sep  7 17:30:59 2014
INFO:root:TICKER- Joke sent to Gabby at Sun Sep  7 17:31:00 2014
INFO:root:TICKER- Joke sent to John Sasser at Sun Sep  7 17:31:31 2014
INFO:root:TICKER- Joke sent to Hayden at Sun Sep  7 17:31:32 2014
INFO:root:TICKER- Joke sent to Gabby at Sun Sep  7 17:31:33 2014
INFO:root:TICKER- Joke sent to John Sasser at Sun Sep  7 17:32:04 2014
INFO:root:TICKER- Joke sent to Hayden at Sun Sep  7 17:32:05 2014
INFO:root:TICKER- Joke sent to Gabby at Sun Sep  7 17:32:06 2014
INFO:root:TICKER- Joke sent to John Sasser at Sun Sep  7 17:32:37 2014
INFO:root:TICKER- Joke sent to Hayden at Sun Sep  7 17:32:38 2014
INFO:root:TICKER- Joke sent to Gabby at Sun Sep  7 17:32:39 2014
INFO:root:TICKER- Joke sent to John Sasser at Sun Sep  7 17:33:10 2014
INFO:root:TICKER- Joke sent to Hayden at Sun Sep  7 17:33:11 2014
INFO:root:TICKER- Joke sent to Gabby at Sun Sep  7 17:33:12 2014
INFO:root:TICKER- Joke sent to John Sasser at Sun Sep  7 17:33:43 2014
INFO:root:TICKER- Joke sent to Hayden at Sun Sep  7 17:33:44 2014
INFO:root:TICKER- Joke sent to Gabby at Sun Sep  7 17:33:45 2014
INFO:root:TICKER- Joke sent to John Sasser at Sun Sep  7 17:34:16 2014
INFO:root:TICKER- Joke sent to Hayden at Sun Sep  7 17:34:17 2014
INFO:root:TICKER- Joke sent to Gabby at Sun Sep  7 17:34:18 2014
INFO:root:TICKER- Joke sent to John Sasser at Sun Sep  7 17:34:49 2014
INFO:root:TICKER- Joke sent to Hayden at Sun Sep  7 17:34:50 2014
INFO:root:TICKER- Joke sent to Gabby at Sun Sep  7 17:34:51 2014
INFO:root:TRANSMIT - Initializing data sources...
INFO:root:TRANSMIT - Data sources initialized at Sun Sep  7 17:37:07 2014
INFO:root:TICKER - Loading config file
INFO:root:TICKER - Connecting to the contacts database...
INFO:root:TICKER - <sqlite3.Connection object at 0x1032555a0> made at Sun Sep  7 17:37:07 2014
INFO:root:TICKER - Ticker starting at Sun Sep  7 17:37:07 2014 at a 30 sec interval
INFO:root:TICKER- Joke sent to John Sasser at Sun Sep  7 17:37:07 2014
INFO:root:TICKER- Joke sent to Hayden at Sun Sep  7 17:37:08 2014
INFO:root:TICKER- Joke sent to Gabby at Sun Sep  7 17:37:09 2014
INFO:root:TRANSMIT - Initializing data sources...
INFO:root:TRANSMIT - Data sources initialized at Sun Sep  7 17:41:45 2014
INFO:root:TICKER - Loading config file
INFO:root:TICKER - Connecting to the contacts database...
INFO:root:TICKER - <sqlite3.Connection object at 0x10fa975a0> made at Sun Sep  7 17:41:45 2014
INFO:root:TICKER - Ticker starting at Sun Sep  7 17:41:45 2014 at a 30 sec interval
INFO:root:TICKER- Joke sent to John Sasser at Sun Sep  7 17:41:45 2014
INFO:root:TICKER- Joke sent to Hayden at Sun Sep  7 17:41:46 2014
INFO:root:TICKER- Joke sent to Gabby at Sun Sep  7 17:41:48 2014
INFO:root:TRANSMIT - Initializing data sources...
INFO:root:TRANSMIT - Data sources initialized at Sun Sep  7 18:28:48 2014
INFO:root:TICKER - Loading config file
INFO:root:TICKER - Connecting to the contacts database...
INFO:root:TICKER - <sqlite3.Connection object at 0x1097815a0> made at Sun Sep  7 18:28:48 2014
INFO:root:TICKER - Ticker starting at Sun Sep  7 18:28:48 2014 at a 30 sec interval
INFO:root:TICKER- Joke sent to John Sasser at Sun Sep  7 18:28:48 2014
INFO:root:TICKER- Joke sent to Hayden at Sun Sep  7 18:28:49 2014
INFO:root:TICKER- Joke sent to Gabby at Sun Sep  7 18:28:50 2014
INFO:root:TRANSMIT - Initializing data sources...
INFO:root:TRANSMIT - Data sources initialized at Sun Sep  7 18:44:02 2014
INFO:root:TICKER - Loading config file
INFO:root:TICKER - Connecting to the contacts database...
INFO:root:TICKER - <sqlite3.Connection object at 0x10af6d688> made at Sun Sep  7 18:44:02 2014
INFO:root:TICKER - Ticker starting at Sun Sep  7 18:44:02 2014 at a 30 sec interval
INFO:root:TICKER- Joke sent to John Sasser at Sun Sep  7 18:44:02 2014
INFO:root:TICKER- Joke sent to Hayden at Sun Sep  7 18:44:03 2014
INFO:root:TICKER- Joke sent to Gabby at Sun Sep  7 18:44:04 2014
INFO:root:TRANSMIT - Initializing data sources...
INFO:root:TRANSMIT - Data sources initialized at Sun Sep  7 19:28:45 2014
INFO:root:TICKER - Loading config file
INFO:root:TICKER - Connecting to the contacts database...
INFO:root:TICKER - <sqlite3.Connection object at 0x105ace688> made at Sun Sep  7 19:28:45 2014
INFO:root:TICKER - Ticker starting at Sun Sep  7 19:28:45 2014 at a 30 sec interval
INFO:root:TICKER- Joke sent to John Sasser at Sun Sep  7 19:28:45 2014
INFO:root:TICKER- Joke sent to Hayden at Sun Sep  7 19:28:46 2014
INFO:root:TICKER- Joke sent to Gabby at Sun Sep  7 19:28:47 2014
INFO:root:TRANSMIT - Initializing data sources...
INFO:root:TRANSMIT - Data sources initialized at Sun Sep  7 19:30:15 2014
INFO:root:TICKER - Loading config file
INFO:root:TICKER - Connecting to the contacts database...
INFO:root:TICKER - <sqlite3.Connection object at 0x10c5de5a0> made at Sun Sep  7 19:30:15 2014
INFO:root:TICKER - Ticker starting at Sun Sep  7 19:30:15 2014 at a 3 sec interval
INFO:root:TICKER- Dog pic sent to John Sasser at Sun Sep  7 19:30:15 2014
INFO:root:TICKER- Meme sent to Gabby at Sun Sep  7 19:30:17 2014
INFO:root:TICKER- Horoscope sent to John Sasser at Sun Sep  7 19:30:21 2014
INFO:root:TICKER- Dog pic sent to John Sasser at Sun Sep  7 19:30:23 2014
INFO:root:TICKER- Dog pic sent to Hayden at Sun Sep  7 19:30:24 2014
INFO:root:TICKER- Dog pic sent to John Sasser at Sun Sep  7 19:30:25 2014
INFO:root:TICKER- Dog pic sent to Hayden at Sun Sep  7 19:30:26 2014
INFO:root:TICKER- Meme sent to Gabby at Sun Sep  7 19:30:27 2014
INFO:root:TICKER- Meme sent to John Sasser at Sun Sep  7 19:30:34 2014
INFO:root:TICKER- Meme sent to Gabby at Sun Sep  7 19:30:36 2014
INFO:root:TICKER- Dog pic sent to Hayden at Sun Sep  7 19:30:42 2014
INFO:root:TICKER- Dog pic sent to John Sasser at Sun Sep  7 19:30:47 2014
INFO:root:TICKER- Dog pic sent to Hayden at Sun Sep  7 19:30:48 2014
INFO:root:TICKER- Meme sent to Gabby at Sun Sep  7 19:30:49 2014
INFO:root:TICKER- Dog pic sent to John Sasser at Sun Sep  7 19:30:53 2014
INFO:root:TICKER- Dog pic sent to Hayden at Sun Sep  7 19:30:54 2014
INFO:root:TICKER- Meme sent to Gabby at Sun Sep  7 19:30:55 2014
INFO:root:TICKER- Meme sent to John Sasser at Sun Sep  7 19:30:59 2014
INFO:root:TICKER- Meme sent to John Sasser at Sun Sep  7 19:31:00 2014
INFO:root:TICKER- Meme sent to Hayden at Sun Sep  7 19:31:01 2014
INFO:root:TICKER- Meme sent to Gabby at Sun Sep  7 19:31:02 2014
INFO:root:TICKER- Meme sent to John Sasser at Sun Sep  7 19:31:08 2014
INFO:root:TICKER- Meme sent to Hayden at Sun Sep  7 19:31:09 2014
INFO:root:TICKER- Meme sent to John Sasser at Sun Sep  7 19:31:10 2014
INFO:root:TICKER- Meme sent to Hayden at Sun Sep  7 19:31:19 2014
INFO:root:TICKER- Meme sent to Gabby at Sun Sep  7 19:31:20 2014
INFO:root:TICKER- Meme sent to John Sasser at Sun Sep  7 19:31:24 2014
INFO:root:TICKER- Meme sent to Hayden at Sun Sep  7 19:31:25 2014
INFO:root:TICKER- Meme sent to Gabby at Sun Sep  7 19:31:26 2014
INFO:root:TICKER- Meme sent to John Sasser at Sun Sep  7 19:31:32 2014
INFO:root:TICKER- Dog pic sent to Hayden at Sun Sep  7 19:31:34 2014
INFO:root:TICKER- Dog pic sent to John Sasser at Sun Sep  7 19:31:40 2014
INFO:root:TICKER- Dog pic sent to John Sasser at Sun Sep  7 19:31:42 2014
INFO:root:TICKER- Meme sent to Hayden at Sun Sep  7 19:31:43 2014
INFO:root:TICKER- Dog pic sent to Gabby at Sun Sep  7 19:31:44 2014
INFO:root:TICKER- Meme sent to John Sasser at Sun Sep  7 19:31:55 2014
INFO:root:TICKER- Dog pic sent to John Sasser at Sun Sep  7 19:31:56 2014
INFO:root:TICKER- Dog pic sent to Hayden at Sun Sep  7 19:31:57 2014
INFO:root:TICKER- Dog pic sent to Hayden at Sun Sep  7 19:31:59 2014
INFO:root:TICKER- Dog pic sent to Gabby at Sun Sep  7 19:32:00 2014
INFO:root:TICKER- Meme sent to John Sasser at Sun Sep  7 19:32:07 2014
INFO:root:TICKER- Dog pic sent to John Sasser at Sun Sep  7 19:32:08 2014
INFO:root:TICKER- Meme sent to Hayden at Sun Sep  7 19:32:09 2014
INFO:root:TICKER- Dog pic sent to John Sasser at Sun Sep  7 19:32:16 2014
INFO:root:TICKER- Dog pic sent to Hayden at Sun Sep  7 19:32:17 2014
INFO:root:TICKER- Dog pic sent to Gabby at Sun Sep  7 19:32:18 2014
INFO:root:TICKER- Dog pic sent to John Sasser at Sun Sep  7 19:32:25 2014
INFO:root:TICKER- Dog pic sent to Hayden at Sun Sep  7 19:32:26 2014
INFO:root:TICKER- Dog pic sent to John Sasser at Sun Sep  7 19:32:33 2014
INFO:root:TICKER- Meme sent to John Sasser at Sun Sep  7 19:32:34 2014
INFO:root:TICKER- Dog pic sent to Gabby at Sun Sep  7 19:32:36 2014
INFO:root:TICKER- Meme sent to Hayden at Sun Sep  7 19:32:44 2014
INFO:root:TICKER- Meme sent to Hayden at Sun Sep  7 19:32:52 2014
INFO:root:TICKER- Dog pic sent to Gabby at Sun Sep  7 19:32:53 2014
INFO:root:TICKER- Dog pic sent to John Sasser at Sun Sep  7 19:32:58 2014
INFO:root:TICKER- Dog pic sent to Hayden at Sun Sep  7 19:32:59 2014
INFO:root:TICKER- Meme sent to John Sasser at Sun Sep  7 19:33:01 2014
INFO:root:TICKER- Meme sent to Hayden at Sun Sep  7 19:33:02 2014
INFO:root:TICKER- Meme sent to Gabby at Sun Sep  7 19:33:03 2014
INFO:root:TICKER- Dog pic sent to John Sasser at Sun Sep  7 19:33:09 2014
INFO:root:TICKER- Meme sent to Hayden at Sun Sep  7 19:33:10 2014
INFO:root:TICKER- Meme sent to Gabby at Sun Sep  7 19:33:11 2014
INFO:root:TICKER- Dog pic sent to Gabby at Sun Sep  7 19:33:17 2014
INFO:root:TICKER- Dog pic sent to John Sasser at Sun Sep  7 19:33:21 2014
INFO:root:TICKER- Dog pic sent to Hayden at Sun Sep  7 19:33:22 2014
INFO:root:TICKER- Dog pic sent to Hayden at Sun Sep  7 19:33:24 2014
INFO:root:TICKER- Dog pic sent to John Sasser at Sun Sep  7 19:33:33 2014
INFO:root:TICKER- Dog pic sent to Gabby at Sun Sep  7 19:33:35 2014
INFO:root:TICKER- Dog pic sent to John Sasser at Sun Sep  7 19:33:39 2014
INFO:root:TICKER- Meme sent to Hayden at Sun Sep  7 19:33:40 2014
INFO:root:TICKER- Meme sent to Gabby at Sun Sep  7 19:33:41 2014
INFO:root:TICKER- Dog pic sent to John Sasser at Sun Sep  7 19:33:46 2014
INFO:root:TICKER- Dog pic sent to Hayden at Sun Sep  7 19:33:47 2014
INFO:root:TICKER- Meme sent to John Sasser at Sun Sep  7 19:33:48 2014
INFO:root:TICKER- Meme sent to Hayden at Sun Sep  7 19:33:49 2014
INFO:root:TICKER- Meme sent to Gabby at Sun Sep  7 19:33:50 2014
INFO:root:TRANSMIT - Initializing data sources...
INFO:root:TRANSMIT - Data sources initialized at Sun Sep  7 19:46:46 2014
INFO:root:TICKER - Loading config file
INFO:root:TICKER - Connecting to the contacts database...
INFO:root:TICKER - <sqlite3.Connection object at 0x102c104b8> made at Sun Sep  7 19:46:46 2014
INFO:root:TICKER - Ticker starting at Sun Sep  7 19:46:46 2014 at a 3 sec interval
INFO:root:TICKER- Dog pic sent to John Sasser at Sun Sep  7 19:46:46 2014
INFO:root:TICKER- Horoscope sent to Gabby at Sun Sep  7 19:46:48 2014
INFO:root:TICKER- Dog pic sent to Gabby at Sun Sep  7 19:46:54 2014
INFO:root:TICKER- Meme sent to John Sasser at Sun Sep  7 19:46:58 2014
INFO:root:TICKER- Dog pic sent to Hayden at Sun Sep  7 19:46:59 2014
INFO:root:TICKER- Dog pic sent to John Sasser at Sun Sep  7 19:47:04 2014
INFO:root:TICKER- Dog pic sent to Gabby at Sun Sep  7 19:47:06 2014
INFO:root:TICKER- Meme sent to John Sasser at Sun Sep  7 19:47:10 2014
INFO:root:TICKER- Dog pic sent to Gabby at Sun Sep  7 19:47:12 2014
INFO:root:TICKER- Dog pic sent to John Sasser at Sun Sep  7 19:47:16 2014
INFO:root:TICKER- Meme sent to Gabby at Sun Sep  7 19:47:24 2014
INFO:root:TICKER- Meme sent to Hayden at Sun Sep  7 19:47:30 2014
INFO:root:TICKER- Dog pic sent to John Sasser at Sun Sep  7 19:47:35 2014
INFO:root:TICKER- Dog pic sent to Hayden at Sun Sep  7 19:47:37 2014
INFO:root:TICKER- Meme sent to John Sasser at Sun Sep  7 19:47:38 2014
INFO:root:TICKER- Meme sent to John Sasser at Sun Sep  7 19:47:39 2014
INFO:root:TICKER- Meme sent to John Sasser at Sun Sep  7 19:47:42 2014
INFO:root:TICKER- Meme sent to Hayden at Sun Sep  7 19:47:43 2014
INFO:root:TICKER- Meme sent to Gabby at Sun Sep  7 19:47:58 2014
INFO:root:TICKER- Dog pic sent to Hayden at Sun Sep  7 19:48:03 2014
INFO:root:TICKER- Dog pic sent to John Sasser at Sun Sep  7 19:48:04 2014
INFO:root:TICKER- Meme sent to John Sasser at Sun Sep  7 19:48:06 2014
INFO:root:TICKER- Dog pic sent to John Sasser at Sun Sep  7 19:48:15 2014
INFO:root:TICKER- Dog pic sent to Hayden at Sun Sep  7 19:48:16 2014
INFO:root:TICKER- Meme sent to John Sasser at Sun Sep  7 19:48:21 2014
INFO:root:TICKER- Dog pic sent to John Sasser at Sun Sep  7 19:48:23 2014
INFO:root:TICKER- Dog pic sent to Gabby at Sun Sep  7 19:48:25 2014
INFO:root:TICKER- Dog pic sent to John Sasser at Sun Sep  7 19:48:39 2014
INFO:root:TICKER- Meme sent to Hayden at Sun Sep  7 19:48:40 2014
INFO:root:TICKER- Dog pic sent to John Sasser at Sun Sep  7 19:48:45 2014
INFO:root:TICKER- Meme sent to John Sasser at Sun Sep  7 19:48:47 2014
INFO:root:TICKER- Dog pic sent to Hayden at Sun Sep  7 19:48:49 2014
INFO:root:TICKER- Meme sent to John Sasser at Sun Sep  7 19:48:50 2014
INFO:root:TICKER- Dog pic sent to Hayden at Sun Sep  7 19:48:51 2014
INFO:root:TICKER- Dog pic sent to Gabby at Sun Sep  7 19:48:52 2014
INFO:root:TICKER- Meme sent to John Sasser at Sun Sep  7 19:49:58 2014
INFO:root:TICKER- Meme sent to Hayden at Sun Sep  7 19:49:59 2014
INFO:root:TICKER- Dog pic sent to Hayden at Sun Sep  7 19:51:02 2014
INFO:root:TICKER- Meme sent to Gabby at Sun Sep  7 19:51:03 2014
INFO:root:TICKER- Dog pic sent to Gabby at Sun Sep  7 19:52:06 2014
INFO:root:TICKER- Meme sent to Hayden at Sun Sep  7 19:53:09 2014
INFO:root:TICKER- Dog pic sent to Gabby at Sun Sep  7 19:53:10 2014
INFO:root:TICKER- Dog pic sent to Hayden at Sun Sep  7 19:54:12 2014
INFO:root:TICKER- Dog pic sent to Gabby at Sun Sep  7 19:54:13 2014
INFO:root:TICKER- Meme sent to John Sasser at Sun Sep  7 19:55:14 2014
INFO:root:TICKER- Dog pic sent to John Sasser at Sun Sep  7 19:56:17 2014
INFO:root:TICKER- Meme sent to John Sasser at Sun Sep  7 19:56:18 2014
INFO:root:TICKER- Meme sent to John Sasser at Sun Sep  7 19:56:19 2014
INFO:root:TICKER- Meme sent to Hayden at Sun Sep  7 19:56:20 2014
INFO:root:TICKER- Meme sent to Gabby at Sun Sep  7 19:56:21 2014
INFO:root:TRANSMIT - Initializing data sources...
INFO:root:TRANSMIT - Data sources initialized at Sun Sep  7 19:56:28 2014
INFO:root:TICKER - Loading config file
INFO:root:TICKER - Connecting to the contacts database...
INFO:root:TICKER - <sqlite3.Connection object at 0x1046b24b8> made at Sun Sep  7 19:56:28 2014
INFO:root:TICKER - Ticker starting at Sun Sep  7 19:56:28 2014 at a 60 sec interval
INFO:root:TRANSMIT - Initializing data sources...
INFO:root:TRANSMIT - Data sources initialized at Sun Sep  7 19:58:40 2014
INFO:root:TICKER - Loading config file
INFO:root:TICKER - Connecting to the contacts database...
INFO:root:TICKER - <sqlite3.Connection object at 0x11097b4b8> made at Sun Sep  7 19:58:40 2014
INFO:root:TICKER - Ticker starting at Sun Sep  7 19:58:40 2014 at a 60 sec interval
INFO:root:TRANSMIT - Initializing data sources...
INFO:root:TRANSMIT - Data sources initialized at Sun Sep  7 19:59:41 2014
INFO:root:TICKER - Loading config file
INFO:root:TICKER - Connecting to the contacts database...
INFO:root:TICKER - <sqlite3.Connection object at 0x100ec94b8> made at Sun Sep  7 19:59:41 2014
INFO:root:TICKER - Ticker starting at Sun Sep  7 19:59:41 2014 at a 5 sec interval
INFO:root:TRANSMIT - Initializing data sources...
INFO:root:TRANSMIT - Data sources initialized at Sun Sep  7 20:01:57 2014
INFO:root:TICKER - Loading config file
INFO:root:TICKER - Connecting to the contacts database...
INFO:root:TICKER - <sqlite3.Connection object at 0x1062eb4b8> made at Sun Sep  7 20:01:57 2014
INFO:root:TICKER - Ticker starting at Sun Sep  7 20:01:57 2014 at a 5 sec interval
INFO:root:TRANSMIT - Initializing data sources...
INFO:root:TRANSMIT - Data sources initialized at Sun Sep  7 20:05:17 2014
INFO:root:TICKER - Loading config file
INFO:root:TICKER - Connecting to the contacts database...
INFO:root:TICKER - <sqlite3.Connection object at 0x105a464b8> made at Sun Sep  7 20:05:17 2014
INFO:root:TICKER - Ticker starting at Sun Sep  7 20:05:17 2014 at a 5 sec interval
INFO:root:TRANSMIT - Initializing data sources...
INFO:root:TRANSMIT - Data sources initialized at Sun Sep  7 20:11:12 2014
INFO:root:TICKER - Loading config file
INFO:root:TICKER - Connecting to the contacts database...
INFO:root:TICKER - <sqlite3.Connection object at 0x107d294b8> made at Sun Sep  7 20:11:12 2014
INFO:root:TICKER - Ticker starting at Sun Sep  7 20:11:12 2014 at a 90 sec interval
INFO:root:TRANSMIT - Initializing data sources...
INFO:root:TRANSMIT - Data sources initialized at Sun Sep  7 20:11:24 2014
INFO:root:TICKER - Loading config file
INFO:root:TICKER - Connecting to the contacts database...
INFO:root:TICKER - <sqlite3.Connection object at 0x10b1534b8> made at Sun Sep  7 20:11:24 2014
INFO:root:TICKER - Ticker starting at Sun Sep  7 20:11:24 2014 at a 90 sec interval
INFO:root:TRANSMIT - Initializing data sources...
INFO:root:TRANSMIT - Data sources initialized at Sun Sep  7 20:29:46 2014
INFO:root:TICKER - Loading config file
INFO:root:TICKER - Connecting to the contacts database...
INFO:root:TICKER - <sqlite3.Connection object at 0x1023434b8> made at Sun Sep  7 20:29:47 2014
INFO:root:TICKER - Ticker starting at Sun Sep  7 20:29:47 2014 at a 90 sec interval
INFO:root:TRANSMIT - Initializing data sources...
INFO:root:TRANSMIT - Data sources initialized at Sun Sep  7 20:30:06 2014
INFO:root:TICKER - Loading config file
INFO:root:TICKER - Connecting to the contacts database...
INFO:root:TICKER - <sqlite3.Connection object at 0x10b3de4b8> made at Sun Sep  7 20:30:06 2014
INFO:root:TICKER - Ticker starting at Sun Sep  7 20:30:06 2014 at a 90 sec interval
INFO:root:TRANSMIT - Initializing data sources...
INFO:root:TRANSMIT - Data sources initialized at Sun Sep  7 20:30:07 2014
INFO:root:TICKER - Loading config file
INFO:root:TICKER - Connecting to the contacts database...
INFO:root:TICKER - <sqlite3.Connection object at 0x1038e64b8> made at Sun Sep  7 20:30:07 2014
INFO:root:TICKER - Ticker starting at Sun Sep  7 20:30:07 2014 at a 90 sec interval
INFO:root:TRANSMIT - Initializing data sources...
INFO:root:TRANSMIT - Data sources initialized at Sun Sep  7 20:30:09 2014
INFO:root:TICKER - Loading config file
INFO:root:TICKER - Connecting to the contacts database...
INFO:root:TICKER - <sqlite3.Connection object at 0x10a08d4b8> made at Sun Sep  7 20:30:09 2014
INFO:root:TICKER - Ticker starting at Sun Sep  7 20:30:09 2014 at a 90 sec interval
INFO:root:TRANSMIT - Initializing data sources...
INFO:root:TRANSMIT - Data sources initialized at Sun Sep  7 20:30:43 2014
INFO:root:TICKER - Loading config file
INFO:root:TICKER - Connecting to the contacts database...
INFO:root:TICKER - <sqlite3.Connection object at 0x10dab44b8> made at Sun Sep  7 20:30:43 2014
INFO:root:TICKER - Ticker starting at Sun Sep  7 20:30:43 2014 at a 90 sec interval
INFO:root:TRANSMIT - Initializing data sources...
INFO:root:TRANSMIT - Data sources initialized at Sun Sep  7 20:31:30 2014
INFO:root:TICKER - Loading config file
INFO:root:TICKER - Connecting to the contacts database...
INFO:root:TICKER - <sqlite3.Connection object at 0x1068c04b8> made at Sun Sep  7 20:31:30 2014
INFO:root:TICKER - Ticker starting at Sun Sep  7 20:31:30 2014 at a 5 sec interval
INFO:root:TRANSMIT - Initializing data sources...
INFO:root:TRANSMIT - Data sources initialized at Sun Sep  7 20:34:30 2014
INFO:root:TICKER - Loading config file
INFO:root:TICKER - Connecting to the contacts database...
INFO:root:TICKER - <sqlite3.Connection object at 0x10a0e74b8> made at Sun Sep  7 20:34:30 2014
INFO:root:TICKER - Ticker starting at Sun Sep  7 20:34:30 2014 at a 5 sec interval
INFO:root:TRANSMIT - Initializing data sources...
INFO:root:TRANSMIT - Data sources initialized at Sun Sep  7 20:34:38 2014
INFO:root:TICKER - Loading config file
INFO:root:TICKER - Connecting to the contacts database...
INFO:root:TICKER - <sqlite3.Connection object at 0x1080794b8> made at Sun Sep  7 20:34:38 2014
INFO:root:TICKER - Ticker starting at Sun Sep  7 20:34:38 2014 at a 5 sec interval
INFO:root:TRANSMIT - Initializing data sources...
INFO:root:TRANSMIT - Data sources initialized at Sun Sep  7 20:35:15 2014
INFO:root:TICKER - Loading config file
INFO:root:TICKER - Connecting to the contacts database...
INFO:root:TICKER - <sqlite3.Connection object at 0x10927f4b8> made at Sun Sep  7 20:35:15 2014
INFO:root:TICKER - Ticker starting at Sun Sep  7 20:35:15 2014 at a 5 sec interval
INFO:root:TRANSMIT - Initializing data sources...
INFO:root:TRANSMIT - Data sources initialized at Sun Sep  7 20:37:16 2014
INFO:root:TICKER - Loading config file
INFO:root:TICKER - Connecting to the contacts database...
INFO:root:TICKER - <sqlite3.Connection object at 0x100f834b8> made at Sun Sep  7 20:37:16 2014
INFO:root:TICKER - Ticker starting at Sun Sep  7 20:37:16 2014 at a 5 sec interval
INFO:root:TRANSMIT - Initializing data sources...
INFO:root:TRANSMIT - Data sources initialized at Sun Sep  7 20:38:25 2014
INFO:root:TICKER - Loading config file
INFO:root:TICKER - Connecting to the contacts database...
INFO:root:TICKER - <sqlite3.Connection object at 0x1076734b8> made at Sun Sep  7 20:38:25 2014
INFO:root:TICKER - Ticker starting at Sun Sep  7 20:38:25 2014 at a 5 sec interval
INFO:root:TRANSMIT - Initializing data sources...
INFO:root:TRANSMIT - Data sources initialized at Sun Sep  7 21:50:48 2014
INFO:root:TICKER - Loading config file
INFO:root:TICKER - Connecting to the contacts database...
INFO:root:TICKER - <sqlite3.Connection object at 0x10d21c4b8> made at Sun Sep  7 21:50:48 2014
INFO:root:TICKER - Ticker starting at Sun Sep  7 21:50:48 2014 at a 5 sec interval
INFO:root:TRANSMIT - Initializing data sources...
INFO:root:TRANSMIT - Data sources initialized at Sun Sep  7 22:23:44 2014
INFO:root:TICKER - Loading config file
INFO:root:TICKER - Connecting to the contacts database...
INFO:root:TICKER - <sqlite3.Connection object at 0x1009c74b8> made at Sun Sep  7 22:23:44 2014
INFO:root:TICKER - Ticker starting at Sun Sep  7 22:23:44 2014 at a 5 sec interval
INFO:root:TRANSMIT - Initializing data sources...
INFO:root:TRANSMIT - Data sources initialized at Mon Sep  8 13:46:07 2014
INFO:root:TICKER - Loading config file
INFO:root:TICKER - Connecting to the contacts database...
INFO:root:TICKER - <sqlite3.Connection object at 0x1073364b8> made at Mon Sep  8 13:46:07 2014
INFO:root:TICKER - Ticker starting at Mon Sep  8 13:46:07 2014 at a 60 sec interval
